<?xml version="1.0" encoding="UTF-8"?>
<coverage generated="1523780785237" clover="3.2.0">
  <project timestamp="1523780785237" name="All files">
    <metrics statements="69" coveredstatements="66" conditionals="8" coveredconditionals="5" methods="25" coveredmethods="23" elements="102" coveredelements="94" complexity="0" loc="69" ncloc="69" packages="3" files="10" classes="10">
      <package name="contact-list-react-native">
        <metrics statements="6" coveredstatements="5" conditionals="2" coveredconditionals="1" methods="1" coveredmethods="1"/>
        <file name="setupTests.js" path="/Users/it190218/CHIP/assignments/contact-list-react-native/setupTests.js">
          <metrics statements="6" coveredstatements="5" conditionals="2" coveredconditionals="1" methods="1" coveredmethods="1"/>
          <line num="8" count="8" type="stmt"/>
          <line num="9" count="8" type="stmt"/>
          <line num="10" count="8" type="stmt"/>
          <line num="11" count="928" type="cond" truecount="1" falsecount="1"/>
          <line num="12" count="0" type="stmt"/>
          <line num="16" count="8" type="stmt"/>
        </file>
      </package>
      <package name="contact-list-react-native.src.components">
        <metrics statements="48" coveredstatements="46" conditionals="4" coveredconditionals="4" methods="22" coveredmethods="20"/>
        <file name="App.js" path="/Users/it190218/CHIP/assignments/contact-list-react-native/src/components/App.js">
          <metrics statements="3" coveredstatements="3" conditionals="0" coveredconditionals="0" methods="1" coveredmethods="1"/>
          <line num="16" count="1" type="stmt"/>
          <line num="24" count="1" type="stmt"/>
          <line num="27" count="2" type="stmt"/>
        </file>
        <file name="Button.js" path="/Users/it190218/CHIP/assignments/contact-list-react-native/src/components/Button.js">
          <metrics statements="3" coveredstatements="3" conditionals="0" coveredconditionals="0" methods="1" coveredmethods="1"/>
          <line num="8" count="4" type="stmt"/>
          <line num="9" count="5" type="stmt"/>
          <line num="23" count="4" type="stmt"/>
        </file>
        <file name="ContactFilter.js" path="/Users/it190218/CHIP/assignments/contact-list-react-native/src/components/ContactFilter.js">
          <metrics statements="11" coveredstatements="11" conditionals="0" coveredconditionals="0" methods="6" coveredmethods="6"/>
          <line num="7" count="2" type="stmt"/>
          <line num="29" count="6" type="stmt"/>
          <line num="30" count="6" type="stmt"/>
          <line num="33" count="6" type="stmt"/>
          <line num="34" count="6" type="stmt"/>
          <line num="38" count="2" type="stmt"/>
          <line num="42" count="2" type="stmt"/>
          <line num="46" count="10" type="stmt"/>
          <line num="67" count="2" type="stmt"/>
          <line num="68" count="6" type="stmt"/>
          <line num="70" count="2" type="stmt"/>
        </file>
        <file name="ContactForm.js" path="/Users/it190218/CHIP/assignments/contact-list-react-native/src/components/ContactForm.js">
          <metrics statements="17" coveredstatements="17" conditionals="4" coveredconditionals="4" methods="7" coveredmethods="7"/>
          <line num="11" count="2" type="stmt"/>
          <line num="32" count="8" type="stmt"/>
          <line num="33" count="8" type="stmt"/>
          <line num="37" count="8" type="stmt"/>
          <line num="38" count="8" type="stmt"/>
          <line num="39" count="8" type="stmt"/>
          <line num="43" count="1" type="stmt"/>
          <line num="47" count="1" type="stmt"/>
          <line num="51" count="2" type="stmt"/>
          <line num="52" count="2" type="cond" truecount="4" falsecount="0"/>
          <line num="53" count="1" type="stmt"/>
          <line num="55" count="1" type="stmt"/>
          <line num="56" count="1" type="stmt"/>
          <line num="60" count="13" type="stmt"/>
          <line num="90" count="2" type="stmt"/>
          <line num="91" count="8" type="stmt"/>
          <line num="93" count="1" type="stmt"/>
        </file>
        <file name="ContactsItem.js" path="/Users/it190218/CHIP/assignments/contact-list-react-native/src/components/ContactsItem.js">
          <metrics statements="4" coveredstatements="4" conditionals="0" coveredconditionals="0" methods="1" coveredmethods="1"/>
          <line num="16" count="3" type="stmt"/>
          <line num="17" count="2" type="stmt"/>
          <line num="43" count="3" type="stmt"/>
          <line num="48" count="3" type="stmt"/>
        </file>
        <file name="ContactsList.js" path="/Users/it190218/CHIP/assignments/contact-list-react-native/src/components/ContactsList.js">
          <metrics statements="10" coveredstatements="8" conditionals="0" coveredconditionals="0" methods="6" coveredmethods="4"/>
          <line num="10" count="2" type="stmt"/>
          <line num="11" count="5" type="stmt"/>
          <line num="14" count="0" type="stmt"/>
          <line num="15" count="0" type="stmt"/>
          <line num="20" count="2" type="stmt"/>
          <line num="21" count="5" type="stmt"/>
          <line num="22" count="5" type="stmt"/>
          <line num="23" count="11" type="stmt"/>
          <line num="24" count="11" type="stmt"/>
          <line num="28" count="5" type="stmt"/>
        </file>
      </package>
      <package name="contact-list-react-native.src.redux">
        <metrics statements="15" coveredstatements="15" conditionals="2" coveredconditionals="0" methods="2" coveredmethods="2"/>
        <file name="contact.js" path="/Users/it190218/CHIP/assignments/contact-list-react-native/src/redux/contact.js">
          <metrics statements="8" coveredstatements="8" conditionals="1" coveredconditionals="0" methods="1" coveredmethods="1"/>
          <line num="4" count="3" type="stmt"/>
          <line num="8" count="3" type="stmt"/>
          <line num="11" count="3" type="stmt"/>
          <line num="25" count="3" type="cond" truecount="0" falsecount="1"/>
          <line num="26" count="2" type="stmt"/>
          <line num="27" count="2" type="stmt"/>
          <line num="30" count="3" type="stmt"/>
          <line num="34" count="3" type="stmt"/>
        </file>
        <file name="filter.js" path="/Users/it190218/CHIP/assignments/contact-list-react-native/src/redux/filter.js">
          <metrics statements="7" coveredstatements="7" conditionals="1" coveredconditionals="0" methods="1" coveredmethods="1"/>
          <line num="4" count="3" type="stmt"/>
          <line num="8" count="3" type="stmt"/>
          <line num="11" count="3" type="stmt"/>
          <line num="13" count="3" type="cond" truecount="0" falsecount="1"/>
          <line num="14" count="2" type="stmt"/>
          <line num="17" count="3" type="stmt"/>
          <line num="21" count="3" type="stmt"/>
        </file>
        <file name="index.js" path="/Users/it190218/CHIP/assignments/contact-list-react-native/src/redux/index.js">
          <metrics statements="0" coveredstatements="0" conditionals="0" coveredconditionals="0" methods="0" coveredmethods="0"/>
        </file>
      </package>
    </metrics>
  </project>
</coverage>
