{"/Users/it190218/CHIP/assignments/contact-list-react-native/setupTests.js": {"path":"/Users/it190218/CHIP/assignments/contact-list-react-native/setupTests.js","statementMap":{"0":{"start":{"line":8,"column":0},"end":{"line":8,"column":30}},"1":{"start":{"line":9,"column":0},"end":{"line":9,"column":37}},"2":{"start":{"line":10,"column":0},"end":{"line":14,"column":3}},"3":{"start":{"line":11,"column":2},"end":{"line":13,"column":3}},"4":{"start":{"line":12,"column":4},"end":{"line":12,"column":54}},"5":{"start":{"line":16,"column":0},"end":{"line":16,"column":36}}},"fnMap":{"0":{"name":"(anonymous_0)","decl":{"start":{"line":10,"column":42},"end":{"line":10,"column":43}},"loc":{"start":{"line":10,"column":56},"end":{"line":14,"column":1}},"line":10}},"branchMap":{"0":{"loc":{"start":{"line":11,"column":2},"end":{"line":13,"column":3}},"type":"if","locations":[{"start":{"line":11,"column":2},"end":{"line":13,"column":3}},{"start":{"line":11,"column":2},"end":{"line":13,"column":3}}],"line":11}},"s":{"0":8,"1":8,"2":8,"3":928,"4":0,"5":8},"f":{"0":928},"b":{"0":[0,928]},"_coverageSchema":"332fd63041d2c1bcb487cc26dd0d5f7d97098a6c","hash":"151d52fa97f44dbe860305d51750c8ccdda75f76"}
,"/Users/it190218/CHIP/assignments/contact-list-react-native/src/components/App.js": {"path":"/Users/it190218/CHIP/assignments/contact-list-react-native/src/components/App.js","statementMap":{"0":{"start":{"line":16,"column":15},"end":{"line":22,"column":2}},"1":{"start":{"line":24,"column":14},"end":{"line":24,"column":34}},"2":{"start":{"line":27,"column":2},"end":{"line":35,"column":4}}},"fnMap":{"0":{"name":"App","decl":{"start":{"line":26,"column":24},"end":{"line":26,"column":27}},"loc":{"start":{"line":26,"column":30},"end":{"line":36,"column":1}},"line":26}},"branchMap":{},"s":{"0":1,"1":1,"2":2},"f":{"0":2},"b":{},"_coverageSchema":"332fd63041d2c1bcb487cc26dd0d5f7d97098a6c","hash":"0d3176149627892fbf8e7b9927e613262ca9abfe"}
,"/Users/it190218/CHIP/assignments/contact-list-react-native/src/components/Button.js": {"path":"/Users/it190218/CHIP/assignments/contact-list-react-native/src/components/Button.js","statementMap":{"0":{"start":{"line":8,"column":15},"end":{"line":21,"column":1}},"1":{"start":{"line":9,"column":2},"end":{"line":20,"column":4}},"2":{"start":{"line":23,"column":15},"end":{"line":39,"column":2}}},"fnMap":{"0":{"name":"(anonymous_0)","decl":{"start":{"line":8,"column":15},"end":{"line":8,"column":16}},"loc":{"start":{"line":8,"column":39},"end":{"line":21,"column":1}},"line":8}},"branchMap":{},"s":{"0":4,"1":5,"2":4},"f":{"0":5},"b":{},"_coverageSchema":"332fd63041d2c1bcb487cc26dd0d5f7d97098a6c","hash":"8dbd4305d00a9026cffc5ee51d09c6979bd1a33a"}
,"/Users/it190218/CHIP/assignments/contact-list-react-native/src/components/ContactFilter.js": {"path":"/Users/it190218/CHIP/assignments/contact-list-react-native/src/components/ContactFilter.js","statementMap":{"0":{"start":{"line":7,"column":15},"end":{"line":25,"column":2}},"1":{"start":{"line":29,"column":4},"end":{"line":29,"column":17}},"2":{"start":{"line":30,"column":4},"end":{"line":32,"column":6}},"3":{"start":{"line":33,"column":4},"end":{"line":33,"column":61}},"4":{"start":{"line":34,"column":4},"end":{"line":34,"column":61}},"5":{"start":{"line":38,"column":4},"end":{"line":38,"column":31}},"6":{"start":{"line":42,"column":4},"end":{"line":42,"column":51}},"7":{"start":{"line":46,"column":4},"end":{"line":63,"column":6}},"8":{"start":{"line":67,"column":27},"end":{"line":72,"column":1}},"9":{"start":{"line":68,"column":2},"end":{"line":71,"column":4}},"10":{"start":{"line":70,"column":6},"end":{"line":70,"column":52}}},"fnMap":{"0":{"name":"(anonymous_0)","decl":{"start":{"line":28,"column":2},"end":{"line":28,"column":3}},"loc":{"start":{"line":28,"column":21},"end":{"line":35,"column":3}},"line":28},"1":{"name":"(anonymous_1)","decl":{"start":{"line":37,"column":2},"end":{"line":37,"column":3}},"loc":{"start":{"line":37,"column":28},"end":{"line":39,"column":3}},"line":37},"2":{"name":"(anonymous_2)","decl":{"start":{"line":41,"column":2},"end":{"line":41,"column":3}},"loc":{"start":{"line":41,"column":21},"end":{"line":43,"column":3}},"line":41},"3":{"name":"(anonymous_3)","decl":{"start":{"line":45,"column":2},"end":{"line":45,"column":3}},"loc":{"start":{"line":45,"column":11},"end":{"line":64,"column":3}},"line":45},"4":{"name":"(anonymous_4)","decl":{"start":{"line":67,"column":27},"end":{"line":67,"column":28}},"loc":{"start":{"line":67,"column":39},"end":{"line":72,"column":1}},"line":67},"5":{"name":"(anonymous_5)","decl":{"start":{"line":69,"column":21},"end":{"line":69,"column":22}},"loc":{"start":{"line":70,"column":6},"end":{"line":70,"column":52}},"line":70}},"branchMap":{},"s":{"0":2,"1":6,"2":6,"3":6,"4":6,"5":2,"6":2,"7":10,"8":2,"9":6,"10":2},"f":{"0":6,"1":2,"2":2,"3":10,"4":6,"5":2},"b":{},"_coverageSchema":"332fd63041d2c1bcb487cc26dd0d5f7d97098a6c","hash":"97140dc28927199557d2978dc045c5b8334a3b25"}
,"/Users/it190218/CHIP/assignments/contact-list-react-native/src/components/ContactForm.js": {"path":"/Users/it190218/CHIP/assignments/contact-list-react-native/src/components/ContactForm.js","statementMap":{"0":{"start":{"line":11,"column":15},"end":{"line":28,"column":2}},"1":{"start":{"line":32,"column":4},"end":{"line":32,"column":17}},"2":{"start":{"line":33,"column":4},"end":{"line":36,"column":6}},"3":{"start":{"line":37,"column":4},"end":{"line":37,"column":53}},"4":{"start":{"line":38,"column":4},"end":{"line":38,"column":55}},"5":{"start":{"line":39,"column":4},"end":{"line":39,"column":57}},"6":{"start":{"line":43,"column":4},"end":{"line":43,"column":29}},"7":{"start":{"line":47,"column":4},"end":{"line":47,"column":28}},"8":{"start":{"line":51,"column":28},"end":{"line":51,"column":38}},"9":{"start":{"line":52,"column":4},"end":{"line":54,"column":5}},"10":{"start":{"line":53,"column":6},"end":{"line":53,"column":13}},"11":{"start":{"line":55,"column":4},"end":{"line":55,"column":39}},"12":{"start":{"line":56,"column":4},"end":{"line":56,"column":43}},"13":{"start":{"line":60,"column":4},"end":{"line":86,"column":6}},"14":{"start":{"line":90,"column":27},"end":{"line":95,"column":1}},"15":{"start":{"line":91,"column":2},"end":{"line":94,"column":4}},"16":{"start":{"line":93,"column":6},"end":{"line":93,"column":51}}},"fnMap":{"0":{"name":"(anonymous_0)","decl":{"start":{"line":31,"column":2},"end":{"line":31,"column":3}},"loc":{"start":{"line":31,"column":21},"end":{"line":40,"column":3}},"line":31},"1":{"name":"(anonymous_1)","decl":{"start":{"line":42,"column":2},"end":{"line":42,"column":3}},"loc":{"start":{"line":42,"column":24},"end":{"line":44,"column":3}},"line":42},"2":{"name":"(anonymous_2)","decl":{"start":{"line":46,"column":2},"end":{"line":46,"column":3}},"loc":{"start":{"line":46,"column":22},"end":{"line":48,"column":3}},"line":46},"3":{"name":"(anonymous_3)","decl":{"start":{"line":50,"column":2},"end":{"line":50,"column":3}},"loc":{"start":{"line":50,"column":17},"end":{"line":57,"column":3}},"line":50},"4":{"name":"(anonymous_4)","decl":{"start":{"line":59,"column":2},"end":{"line":59,"column":3}},"loc":{"start":{"line":59,"column":11},"end":{"line":87,"column":3}},"line":59},"5":{"name":"(anonymous_5)","decl":{"start":{"line":90,"column":27},"end":{"line":90,"column":28}},"loc":{"start":{"line":90,"column":39},"end":{"line":95,"column":1}},"line":90},"6":{"name":"(anonymous_6)","decl":{"start":{"line":92,"column":16},"end":{"line":92,"column":17}},"loc":{"start":{"line":93,"column":6},"end":{"line":93,"column":51}},"line":93}},"branchMap":{"0":{"loc":{"start":{"line":52,"column":4},"end":{"line":54,"column":5}},"type":"if","locations":[{"start":{"line":52,"column":4},"end":{"line":54,"column":5}},{"start":{"line":52,"column":4},"end":{"line":54,"column":5}}],"line":52},"1":{"loc":{"start":{"line":52,"column":8},"end":{"line":52,"column":23}},"type":"binary-expr","locations":[{"start":{"line":52,"column":8},"end":{"line":52,"column":13}},{"start":{"line":52,"column":17},"end":{"line":52,"column":23}}],"line":52}},"s":{"0":2,"1":8,"2":8,"3":8,"4":8,"5":8,"6":1,"7":1,"8":2,"9":2,"10":1,"11":1,"12":1,"13":13,"14":2,"15":8,"16":1},"f":{"0":8,"1":1,"2":1,"3":2,"4":13,"5":8,"6":1},"b":{"0":[1,1],"1":[2,1]},"_coverageSchema":"332fd63041d2c1bcb487cc26dd0d5f7d97098a6c","hash":"c7d01db7c3da9a6dc3a285391110b3d5689ad56a"}
,"/Users/it190218/CHIP/assignments/contact-list-react-native/src/components/ContactsItem.js": {"path":"/Users/it190218/CHIP/assignments/contact-list-react-native/src/components/ContactsItem.js","statementMap":{"0":{"start":{"line":16,"column":20},"end":{"line":41,"column":1}},"1":{"start":{"line":17,"column":2},"end":{"line":40,"column":4}},"2":{"start":{"line":43,"column":0},"end":{"line":46,"column":2}},"3":{"start":{"line":48,"column":15},"end":{"line":80,"column":2}}},"fnMap":{"0":{"name":"(anonymous_0)","decl":{"start":{"line":16,"column":20},"end":{"line":16,"column":21}},"loc":{"start":{"line":16,"column":40},"end":{"line":41,"column":1}},"line":16}},"branchMap":{},"s":{"0":3,"1":2,"2":3,"3":3},"f":{"0":2},"b":{},"_coverageSchema":"332fd63041d2c1bcb487cc26dd0d5f7d97098a6c","hash":"295b70105d360095e1461ae24929d8ddf3a0b6e2"}
,"/Users/it190218/CHIP/assignments/contact-list-react-native/src/components/ContactsList.js": {"path":"/Users/it190218/CHIP/assignments/contact-list-react-native/src/components/ContactsList.js","statementMap":{"0":{"start":{"line":10,"column":21},"end":{"line":18,"column":1}},"1":{"start":{"line":11,"column":2},"end":{"line":17,"column":4}},"2":{"start":{"line":14,"column":37},"end":{"line":14,"column":53}},"3":{"start":{"line":15,"column":33},"end":{"line":15,"column":58}},"4":{"start":{"line":20,"column":24},"end":{"line":26,"column":1}},"5":{"start":{"line":21,"column":27},"end":{"line":21,"column":48}},"6":{"start":{"line":22,"column":2},"end":{"line":25,"column":5}},"7":{"start":{"line":23,"column":33},"end":{"line":23,"column":59}},"8":{"start":{"line":24,"column":4},"end":{"line":24,"column":59}},"9":{"start":{"line":28,"column":24},"end":{"line":30,"column":2}},"10":{"start":{"line":28,"column":36},"end":{"line":30,"column":1}}},"fnMap":{"0":{"name":"(anonymous_0)","decl":{"start":{"line":10,"column":21},"end":{"line":10,"column":22}},"loc":{"start":{"line":10,"column":46},"end":{"line":18,"column":1}},"line":10},"1":{"name":"(anonymous_1)","decl":{"start":{"line":14,"column":20},"end":{"line":14,"column":21}},"loc":{"start":{"line":14,"column":37},"end":{"line":14,"column":53}},"line":14},"2":{"name":"(anonymous_2)","decl":{"start":{"line":15,"column":18},"end":{"line":15,"column":19}},"loc":{"start":{"line":15,"column":33},"end":{"line":15,"column":58}},"line":15},"3":{"name":"(anonymous_3)","decl":{"start":{"line":20,"column":24},"end":{"line":20,"column":25}},"loc":{"start":{"line":20,"column":47},"end":{"line":26,"column":1}},"line":20},"4":{"name":"(anonymous_4)","decl":{"start":{"line":22,"column":25},"end":{"line":22,"column":26}},"loc":{"start":{"line":22,"column":38},"end":{"line":25,"column":3}},"line":22},"5":{"name":"(anonymous_5)","decl":{"start":{"line":28,"column":24},"end":{"line":28,"column":25}},"loc":{"start":{"line":28,"column":36},"end":{"line":30,"column":1}},"line":28}},"branchMap":{},"s":{"0":2,"1":5,"2":0,"3":0,"4":2,"5":5,"6":5,"7":11,"8":11,"9":2,"10":5},"f":{"0":5,"1":0,"2":0,"3":5,"4":11,"5":5},"b":{},"_coverageSchema":"332fd63041d2c1bcb487cc26dd0d5f7d97098a6c","hash":"61fc27c8ff2be977e1d34b32eba895ee0150b046"}
,"/Users/it190218/CHIP/assignments/contact-list-react-native/src/redux/contact.js": {"path":"/Users/it190218/CHIP/assignments/contact-list-react-native/src/redux/contact.js","statementMap":{"0":{"start":{"line":4,"column":28},"end":{"line":6,"column":2}},"1":{"start":{"line":8,"column":28},"end":{"line":8,"column":33}},"2":{"start":{"line":11,"column":22},"end":{"line":23,"column":2}},"3":{"start":{"line":25,"column":23},"end":{"line":28,"column":1}},"4":{"start":{"line":26,"column":26},"end":{"line":26,"column":32}},"5":{"start":{"line":27,"column":2},"end":{"line":27,"column":37}},"6":{"start":{"line":30,"column":24},"end":{"line":32,"column":1}},"7":{"start":{"line":34,"column":23},"end":{"line":34,"column":61}}},"fnMap":{"0":{"name":"(anonymous_0)","decl":{"start":{"line":25,"column":23},"end":{"line":25,"column":24}},"loc":{"start":{"line":25,"column":58},"end":{"line":28,"column":1}},"line":25}},"branchMap":{"0":{"loc":{"start":{"line":25,"column":24},"end":{"line":25,"column":45}},"type":"default-arg","locations":[{"start":{"line":25,"column":32},"end":{"line":25,"column":45}}],"line":25}},"s":{"0":3,"1":3,"2":3,"3":3,"4":2,"5":2,"6":3,"7":3},"f":{"0":2},"b":{"0":[0]},"_coverageSchema":"332fd63041d2c1bcb487cc26dd0d5f7d97098a6c","hash":"6839659567ef4c6b0c042843f749c321f3e2c3ce"}
,"/Users/it190218/CHIP/assignments/contact-list-react-native/src/redux/filter.js": {"path":"/Users/it190218/CHIP/assignments/contact-list-react-native/src/redux/filter.js","statementMap":{"0":{"start":{"line":4,"column":28},"end":{"line":6,"column":2}},"1":{"start":{"line":8,"column":27},"end":{"line":8,"column":32}},"2":{"start":{"line":11,"column":22},"end":{"line":11,"column":35}},"3":{"start":{"line":13,"column":33},"end":{"line":15,"column":1}},"4":{"start":{"line":14,"column":2},"end":{"line":14,"column":24}},"5":{"start":{"line":17,"column":24},"end":{"line":19,"column":1}},"6":{"start":{"line":21,"column":23},"end":{"line":21,"column":61}}},"fnMap":{"0":{"name":"(anonymous_0)","decl":{"start":{"line":13,"column":33},"end":{"line":13,"column":34}},"loc":{"start":{"line":13,"column":68},"end":{"line":15,"column":1}},"line":13}},"branchMap":{"0":{"loc":{"start":{"line":13,"column":34},"end":{"line":13,"column":55}},"type":"default-arg","locations":[{"start":{"line":13,"column":42},"end":{"line":13,"column":55}}],"line":13}},"s":{"0":3,"1":3,"2":3,"3":3,"4":2,"5":3,"6":3},"f":{"0":2},"b":{"0":[0]},"_coverageSchema":"332fd63041d2c1bcb487cc26dd0d5f7d97098a6c","hash":"47abce548e32eda016ec3d8e4b085cecef4d4db0"}
,"/Users/it190218/CHIP/assignments/contact-list-react-native/src/redux/index.js": {"path":"/Users/it190218/CHIP/assignments/contact-list-react-native/src/redux/index.js","statementMap":{},"fnMap":{},"branchMap":{},"s":{},"f":{},"b":{},"_coverageSchema":"332fd63041d2c1bcb487cc26dd0d5f7d97098a6c","hash":"11415ec41c98868b4400f576c2313e93b7ce12fa"}
}
