{"/Users/it190218/CHIP/assignments/contact-list-react-native/setupTests.js": {"path":"/Users/it190218/CHIP/assignments/contact-list-react-native/setupTests.js","statementMap":{"0":{"start":{"line":8,"column":0},"end":{"line":8,"column":30}},"1":{"start":{"line":9,"column":0},"end":{"line":9,"column":37}},"2":{"start":{"line":10,"column":0},"end":{"line":14,"column":3}},"3":{"start":{"line":11,"column":2},"end":{"line":13,"column":3}},"4":{"start":{"line":12,"column":4},"end":{"line":12,"column":54}},"5":{"start":{"line":16,"column":0},"end":{"line":16,"column":36}}},"fnMap":{"0":{"name":"(anonymous_0)","decl":{"start":{"line":10,"column":42},"end":{"line":10,"column":43}},"loc":{"start":{"line":10,"column":56},"end":{"line":14,"column":1}},"line":10}},"branchMap":{"0":{"loc":{"start":{"line":11,"column":2},"end":{"line":13,"column":3}},"type":"if","locations":[{"start":{"line":11,"column":2},"end":{"line":13,"column":3}},{"start":{"line":11,"column":2},"end":{"line":13,"column":3}}],"line":11}},"s":{"0":9,"1":9,"2":9,"3":1044,"4":0,"5":9},"f":{"0":1044},"b":{"0":[0,1044]},"_coverageSchema":"332fd63041d2c1bcb487cc26dd0d5f7d97098a6c","hash":"151d52fa97f44dbe860305d51750c8ccdda75f76"}
,"/Users/it190218/CHIP/assignments/contact-list-react-native/src/actions/index.js": {"path":"/Users/it190218/CHIP/assignments/contact-list-react-native/src/actions/index.js","statementMap":{"0":{"start":{"line":1,"column":26},"end":{"line":3,"column":1}},"1":{"start":{"line":2,"column":4},"end":{"line":2,"column":59}},"2":{"start":{"line":5,"column":35},"end":{"line":7,"column":1}},"3":{"start":{"line":6,"column":4},"end":{"line":6,"column":56}}},"fnMap":{"0":{"name":"(anonymous_0)","decl":{"start":{"line":1,"column":26},"end":{"line":1,"column":27}},"loc":{"start":{"line":1,"column":43},"end":{"line":3,"column":1}},"line":1},"1":{"name":"(anonymous_1)","decl":{"start":{"line":5,"column":35},"end":{"line":5,"column":36}},"loc":{"start":{"line":5,"column":48},"end":{"line":7,"column":1}},"line":5}},"branchMap":{},"s":{"0":4,"1":3,"2":4,"3":4},"f":{"0":3,"1":4},"b":{},"_coverageSchema":"332fd63041d2c1bcb487cc26dd0d5f7d97098a6c","hash":"c348a3b405360150c5cc2fda6b21408b015a44b9"}
,"/Users/it190218/CHIP/assignments/contact-list-react-native/src/components/App.js": {"path":"/Users/it190218/CHIP/assignments/contact-list-react-native/src/components/App.js","statementMap":{"0":{"start":{"line":16,"column":15},"end":{"line":22,"column":2}},"1":{"start":{"line":24,"column":14},"end":{"line":24,"column":34}},"2":{"start":{"line":27,"column":2},"end":{"line":35,"column":4}}},"fnMap":{"0":{"name":"App","decl":{"start":{"line":26,"column":24},"end":{"line":26,"column":27}},"loc":{"start":{"line":26,"column":30},"end":{"line":36,"column":1}},"line":26}},"branchMap":{},"s":{"0":1,"1":1,"2":2},"f":{"0":2},"b":{},"_coverageSchema":"332fd63041d2c1bcb487cc26dd0d5f7d97098a6c","hash":"0d3176149627892fbf8e7b9927e613262ca9abfe"}
,"/Users/it190218/CHIP/assignments/contact-list-react-native/src/components/Button.js": {"path":"/Users/it190218/CHIP/assignments/contact-list-react-native/src/components/Button.js","statementMap":{"0":{"start":{"line":8,"column":15},"end":{"line":21,"column":1}},"1":{"start":{"line":9,"column":2},"end":{"line":20,"column":4}},"2":{"start":{"line":23,"column":15},"end":{"line":39,"column":2}}},"fnMap":{"0":{"name":"(anonymous_0)","decl":{"start":{"line":8,"column":15},"end":{"line":8,"column":16}},"loc":{"start":{"line":8,"column":39},"end":{"line":21,"column":1}},"line":8}},"branchMap":{},"s":{"0":4,"1":5,"2":4},"f":{"0":5},"b":{},"_coverageSchema":"332fd63041d2c1bcb487cc26dd0d5f7d97098a6c","hash":"8dbd4305d00a9026cffc5ee51d09c6979bd1a33a"}
,"/Users/it190218/CHIP/assignments/contact-list-react-native/src/components/ContactFilter.js": {"path":"/Users/it190218/CHIP/assignments/contact-list-react-native/src/components/ContactFilter.js","statementMap":{"0":{"start":{"line":7,"column":15},"end":{"line":25,"column":2}},"1":{"start":{"line":29,"column":4},"end":{"line":29,"column":17}},"2":{"start":{"line":30,"column":4},"end":{"line":32,"column":6}},"3":{"start":{"line":33,"column":4},"end":{"line":33,"column":61}},"4":{"start":{"line":34,"column":4},"end":{"line":34,"column":61}},"5":{"start":{"line":38,"column":4},"end":{"line":38,"column":31}},"6":{"start":{"line":42,"column":4},"end":{"line":42,"column":51}},"7":{"start":{"line":46,"column":4},"end":{"line":63,"column":6}},"8":{"start":{"line":67,"column":27},"end":{"line":71,"column":2}},"9":{"start":{"line":67,"column":40},"end":{"line":71,"column":1}},"10":{"start":{"line":69,"column":4},"end":{"line":69,"column":43}}},"fnMap":{"0":{"name":"(anonymous_0)","decl":{"start":{"line":28,"column":2},"end":{"line":28,"column":3}},"loc":{"start":{"line":28,"column":21},"end":{"line":35,"column":3}},"line":28},"1":{"name":"(anonymous_1)","decl":{"start":{"line":37,"column":2},"end":{"line":37,"column":3}},"loc":{"start":{"line":37,"column":28},"end":{"line":39,"column":3}},"line":37},"2":{"name":"(anonymous_2)","decl":{"start":{"line":41,"column":2},"end":{"line":41,"column":3}},"loc":{"start":{"line":41,"column":21},"end":{"line":43,"column":3}},"line":41},"3":{"name":"(anonymous_3)","decl":{"start":{"line":45,"column":2},"end":{"line":45,"column":3}},"loc":{"start":{"line":45,"column":11},"end":{"line":64,"column":3}},"line":45},"4":{"name":"(anonymous_4)","decl":{"start":{"line":67,"column":27},"end":{"line":67,"column":28}},"loc":{"start":{"line":67,"column":40},"end":{"line":71,"column":1}},"line":67},"5":{"name":"(anonymous_5)","decl":{"start":{"line":68,"column":19},"end":{"line":68,"column":20}},"loc":{"start":{"line":68,"column":32},"end":{"line":70,"column":3}},"line":68}},"branchMap":{},"s":{"0":2,"1":6,"2":6,"3":6,"4":6,"5":2,"6":2,"7":10,"8":2,"9":6,"10":2},"f":{"0":6,"1":2,"2":2,"3":10,"4":6,"5":2},"b":{},"_coverageSchema":"332fd63041d2c1bcb487cc26dd0d5f7d97098a6c","hash":"cd08a7835c7357d5ca5233f5575030390dbcba78"}
,"/Users/it190218/CHIP/assignments/contact-list-react-native/src/components/ContactForm.js": {"path":"/Users/it190218/CHIP/assignments/contact-list-react-native/src/components/ContactForm.js","statementMap":{"0":{"start":{"line":12,"column":15},"end":{"line":29,"column":2}},"1":{"start":{"line":33,"column":4},"end":{"line":33,"column":17}},"2":{"start":{"line":34,"column":4},"end":{"line":37,"column":6}},"3":{"start":{"line":38,"column":4},"end":{"line":38,"column":53}},"4":{"start":{"line":39,"column":4},"end":{"line":39,"column":55}},"5":{"start":{"line":40,"column":4},"end":{"line":40,"column":57}},"6":{"start":{"line":44,"column":4},"end":{"line":44,"column":29}},"7":{"start":{"line":48,"column":4},"end":{"line":48,"column":28}},"8":{"start":{"line":52,"column":28},"end":{"line":52,"column":38}},"9":{"start":{"line":53,"column":4},"end":{"line":55,"column":5}},"10":{"start":{"line":54,"column":6},"end":{"line":54,"column":13}},"11":{"start":{"line":56,"column":4},"end":{"line":56,"column":39}},"12":{"start":{"line":57,"column":4},"end":{"line":57,"column":43}},"13":{"start":{"line":61,"column":4},"end":{"line":87,"column":6}},"14":{"start":{"line":91,"column":27},"end":{"line":95,"column":2}},"15":{"start":{"line":91,"column":40},"end":{"line":95,"column":1}},"16":{"start":{"line":93,"column":4},"end":{"line":93,"column":38}}},"fnMap":{"0":{"name":"(anonymous_0)","decl":{"start":{"line":32,"column":2},"end":{"line":32,"column":3}},"loc":{"start":{"line":32,"column":21},"end":{"line":41,"column":3}},"line":32},"1":{"name":"(anonymous_1)","decl":{"start":{"line":43,"column":2},"end":{"line":43,"column":3}},"loc":{"start":{"line":43,"column":24},"end":{"line":45,"column":3}},"line":43},"2":{"name":"(anonymous_2)","decl":{"start":{"line":47,"column":2},"end":{"line":47,"column":3}},"loc":{"start":{"line":47,"column":22},"end":{"line":49,"column":3}},"line":47},"3":{"name":"(anonymous_3)","decl":{"start":{"line":51,"column":2},"end":{"line":51,"column":3}},"loc":{"start":{"line":51,"column":17},"end":{"line":58,"column":3}},"line":51},"4":{"name":"(anonymous_4)","decl":{"start":{"line":60,"column":2},"end":{"line":60,"column":3}},"loc":{"start":{"line":60,"column":11},"end":{"line":88,"column":3}},"line":60},"5":{"name":"(anonymous_5)","decl":{"start":{"line":91,"column":27},"end":{"line":91,"column":28}},"loc":{"start":{"line":91,"column":40},"end":{"line":95,"column":1}},"line":91},"6":{"name":"(anonymous_6)","decl":{"start":{"line":92,"column":14},"end":{"line":92,"column":15}},"loc":{"start":{"line":92,"column":31},"end":{"line":94,"column":3}},"line":92}},"branchMap":{"0":{"loc":{"start":{"line":53,"column":4},"end":{"line":55,"column":5}},"type":"if","locations":[{"start":{"line":53,"column":4},"end":{"line":55,"column":5}},{"start":{"line":53,"column":4},"end":{"line":55,"column":5}}],"line":53},"1":{"loc":{"start":{"line":53,"column":8},"end":{"line":53,"column":23}},"type":"binary-expr","locations":[{"start":{"line":53,"column":8},"end":{"line":53,"column":13}},{"start":{"line":53,"column":17},"end":{"line":53,"column":23}}],"line":53}},"s":{"0":2,"1":8,"2":8,"3":8,"4":8,"5":8,"6":1,"7":1,"8":2,"9":2,"10":1,"11":1,"12":1,"13":13,"14":2,"15":8,"16":1},"f":{"0":8,"1":1,"2":1,"3":2,"4":13,"5":8,"6":1},"b":{"0":[1,1],"1":[2,1]},"_coverageSchema":"332fd63041d2c1bcb487cc26dd0d5f7d97098a6c","hash":"a868ae038b5a1c1b1e0112e47c3deef7db5a671d"}
,"/Users/it190218/CHIP/assignments/contact-list-react-native/src/components/ContactsItem.js": {"path":"/Users/it190218/CHIP/assignments/contact-list-react-native/src/components/ContactsItem.js","statementMap":{"0":{"start":{"line":16,"column":20},"end":{"line":41,"column":1}},"1":{"start":{"line":17,"column":2},"end":{"line":40,"column":4}},"2":{"start":{"line":43,"column":0},"end":{"line":46,"column":2}},"3":{"start":{"line":48,"column":15},"end":{"line":80,"column":2}}},"fnMap":{"0":{"name":"(anonymous_0)","decl":{"start":{"line":16,"column":20},"end":{"line":16,"column":21}},"loc":{"start":{"line":16,"column":40},"end":{"line":41,"column":1}},"line":16}},"branchMap":{},"s":{"0":3,"1":2,"2":3,"3":3},"f":{"0":2},"b":{},"_coverageSchema":"332fd63041d2c1bcb487cc26dd0d5f7d97098a6c","hash":"295b70105d360095e1461ae24929d8ddf3a0b6e2"}
,"/Users/it190218/CHIP/assignments/contact-list-react-native/src/components/ContactsList.js": {"path":"/Users/it190218/CHIP/assignments/contact-list-react-native/src/components/ContactsList.js","statementMap":{"0":{"start":{"line":10,"column":21},"end":{"line":18,"column":1}},"1":{"start":{"line":11,"column":2},"end":{"line":17,"column":4}},"2":{"start":{"line":14,"column":37},"end":{"line":14,"column":53}},"3":{"start":{"line":15,"column":33},"end":{"line":15,"column":58}},"4":{"start":{"line":20,"column":24},"end":{"line":26,"column":1}},"5":{"start":{"line":21,"column":27},"end":{"line":21,"column":48}},"6":{"start":{"line":22,"column":2},"end":{"line":25,"column":5}},"7":{"start":{"line":23,"column":33},"end":{"line":23,"column":59}},"8":{"start":{"line":24,"column":4},"end":{"line":24,"column":59}},"9":{"start":{"line":28,"column":24},"end":{"line":30,"column":2}},"10":{"start":{"line":28,"column":50},"end":{"line":30,"column":1}}},"fnMap":{"0":{"name":"(anonymous_0)","decl":{"start":{"line":10,"column":21},"end":{"line":10,"column":22}},"loc":{"start":{"line":10,"column":46},"end":{"line":18,"column":1}},"line":10},"1":{"name":"(anonymous_1)","decl":{"start":{"line":14,"column":20},"end":{"line":14,"column":21}},"loc":{"start":{"line":14,"column":37},"end":{"line":14,"column":53}},"line":14},"2":{"name":"(anonymous_2)","decl":{"start":{"line":15,"column":18},"end":{"line":15,"column":19}},"loc":{"start":{"line":15,"column":33},"end":{"line":15,"column":58}},"line":15},"3":{"name":"(anonymous_3)","decl":{"start":{"line":20,"column":24},"end":{"line":20,"column":25}},"loc":{"start":{"line":20,"column":47},"end":{"line":26,"column":1}},"line":20},"4":{"name":"(anonymous_4)","decl":{"start":{"line":22,"column":25},"end":{"line":22,"column":26}},"loc":{"start":{"line":22,"column":38},"end":{"line":25,"column":3}},"line":22},"5":{"name":"(anonymous_5)","decl":{"start":{"line":28,"column":24},"end":{"line":28,"column":25}},"loc":{"start":{"line":28,"column":50},"end":{"line":30,"column":1}},"line":28}},"branchMap":{},"s":{"0":2,"1":5,"2":0,"3":0,"4":2,"5":5,"6":5,"7":11,"8":11,"9":2,"10":5},"f":{"0":5,"1":0,"2":0,"3":5,"4":11,"5":5},"b":{},"_coverageSchema":"332fd63041d2c1bcb487cc26dd0d5f7d97098a6c","hash":"9345ab8132d7b0644aa5e0db9a30d014d7e6fcaf"}
,"/Users/it190218/CHIP/assignments/contact-list-react-native/src/reducers/contact.js": {"path":"/Users/it190218/CHIP/assignments/contact-list-react-native/src/reducers/contact.js","statementMap":{"0":{"start":{"line":1,"column":17},"end":{"line":1,"column":30}},"1":{"start":{"line":3,"column":21},"end":{"line":15,"column":1}},"2":{"start":{"line":18,"column":2},"end":{"line":24,"column":3}},"3":{"start":{"line":20,"column":30},"end":{"line":20,"column":44}},"4":{"start":{"line":21,"column":6},"end":{"line":21,"column":41}},"5":{"start":{"line":23,"column":6},"end":{"line":23,"column":19}}},"fnMap":{"0":{"name":"(anonymous_0)","decl":{"start":{"line":17,"column":15},"end":{"line":17,"column":16}},"loc":{"start":{"line":17,"column":54},"end":{"line":25,"column":1}},"line":17}},"branchMap":{"0":{"loc":{"start":{"line":17,"column":24},"end":{"line":17,"column":44}},"type":"default-arg","locations":[{"start":{"line":17,"column":32},"end":{"line":17,"column":44}}],"line":17},"1":{"loc":{"start":{"line":18,"column":2},"end":{"line":24,"column":3}},"type":"switch","locations":[{"start":{"line":19,"column":4},"end":{"line":21,"column":41}},{"start":{"line":22,"column":4},"end":{"line":23,"column":19}}],"line":18}},"s":{"0":2,"1":2,"2":6,"3":2,"4":2,"5":4},"f":{"0":6},"b":{"0":[5],"1":[2,4]},"_coverageSchema":"332fd63041d2c1bcb487cc26dd0d5f7d97098a6c","hash":"0b1053e4511749e34e4461ff71a9e13ba9971536"}
,"/Users/it190218/CHIP/assignments/contact-list-react-native/src/reducers/filter.js": {"path":"/Users/it190218/CHIP/assignments/contact-list-react-native/src/reducers/filter.js","statementMap":{"0":{"start":{"line":1,"column":23},"end":{"line":1,"column":39}},"1":{"start":{"line":4,"column":2},"end":{"line":9,"column":3}},"2":{"start":{"line":6,"column":6},"end":{"line":6,"column":28}},"3":{"start":{"line":8,"column":6},"end":{"line":8,"column":19}}},"fnMap":{"0":{"name":"(anonymous_0)","decl":{"start":{"line":3,"column":15},"end":{"line":3,"column":16}},"loc":{"start":{"line":3,"column":44},"end":{"line":10,"column":1}},"line":3}},"branchMap":{"0":{"loc":{"start":{"line":3,"column":24},"end":{"line":3,"column":34}},"type":"default-arg","locations":[{"start":{"line":3,"column":32},"end":{"line":3,"column":34}}],"line":3},"1":{"loc":{"start":{"line":4,"column":2},"end":{"line":9,"column":3}},"type":"switch","locations":[{"start":{"line":5,"column":4},"end":{"line":6,"column":28}},{"start":{"line":7,"column":4},"end":{"line":8,"column":19}}],"line":4}},"s":{"0":2,"1":6,"2":2,"3":4},"f":{"0":6},"b":{"0":[6],"1":[2,4]},"_coverageSchema":"332fd63041d2c1bcb487cc26dd0d5f7d97098a6c","hash":"4aa4801109d63ba6231d63226f6f660cdd0469b7"}
,"/Users/it190218/CHIP/assignments/contact-list-react-native/src/reducers/index.js": {"path":"/Users/it190218/CHIP/assignments/contact-list-react-native/src/reducers/index.js","statementMap":{},"fnMap":{},"branchMap":{},"s":{},"f":{},"b":{},"_coverageSchema":"332fd63041d2c1bcb487cc26dd0d5f7d97098a6c","hash":"c8fd66b4970060a53dad1459fb44ba1527637d0d"}
}
