TN:
SF:/Users/it190218/CHIP/assignments/contact-list-react-native/setupTests.js
FN:10,(anonymous_0)
FNF:1
FNH:1
FNDA:1044,(anonymous_0)
DA:8,9
DA:9,9
DA:10,9
DA:11,1044
DA:12,0
DA:16,9
LF:6
LH:5
BRDA:11,0,0,0
BRDA:11,0,1,1044
BRF:2
BRH:1
end_of_record
TN:
SF:/Users/it190218/CHIP/assignments/contact-list-react-native/src/actions/index.js
FN:1,(anonymous_0)
FN:5,(anonymous_1)
FNF:2
FNH:2
FNDA:3,(anonymous_0)
FNDA:4,(anonymous_1)
DA:1,4
DA:2,3
DA:5,4
DA:6,4
LF:4
LH:4
BRF:0
BRH:0
end_of_record
TN:
SF:/Users/it190218/CHIP/assignments/contact-list-react-native/src/components/App.js
FN:26,App
FNF:1
FNH:1
FNDA:2,App
DA:16,1
DA:24,1
DA:27,2
LF:3
LH:3
BRF:0
BRH:0
end_of_record
TN:
SF:/Users/it190218/CHIP/assignments/contact-list-react-native/src/components/Button.js
FN:8,(anonymous_0)
FNF:1
FNH:1
FNDA:5,(anonymous_0)
DA:8,4
DA:9,5
DA:23,4
LF:3
LH:3
BRF:0
BRH:0
end_of_record
TN:
SF:/Users/it190218/CHIP/assignments/contact-list-react-native/src/components/ContactFilter.js
FN:28,(anonymous_0)
FN:37,(anonymous_1)
FN:41,(anonymous_2)
FN:45,(anonymous_3)
FN:67,(anonymous_4)
FN:68,(anonymous_5)
FNF:6
FNH:6
FNDA:6,(anonymous_0)
FNDA:2,(anonymous_1)
FNDA:2,(anonymous_2)
FNDA:10,(anonymous_3)
FNDA:6,(anonymous_4)
FNDA:2,(anonymous_5)
DA:7,2
DA:29,6
DA:30,6
DA:33,6
DA:34,6
DA:38,2
DA:42,2
DA:46,10
DA:67,6
DA:69,2
LF:10
LH:10
BRF:0
BRH:0
end_of_record
TN:
SF:/Users/it190218/CHIP/assignments/contact-list-react-native/src/components/ContactForm.js
FN:32,(anonymous_0)
FN:43,(anonymous_1)
FN:47,(anonymous_2)
FN:51,(anonymous_3)
FN:60,(anonymous_4)
FN:91,(anonymous_5)
FN:92,(anonymous_6)
FNF:7
FNH:7
FNDA:8,(anonymous_0)
FNDA:1,(anonymous_1)
FNDA:1,(anonymous_2)
FNDA:2,(anonymous_3)
FNDA:13,(anonymous_4)
FNDA:8,(anonymous_5)
FNDA:1,(anonymous_6)
DA:12,2
DA:33,8
DA:34,8
DA:38,8
DA:39,8
DA:40,8
DA:44,1
DA:48,1
DA:52,2
DA:53,2
DA:54,1
DA:56,1
DA:57,1
DA:61,13
DA:91,8
DA:93,1
LF:16
LH:16
BRDA:53,0,0,1
BRDA:53,0,1,1
BRDA:53,1,0,2
BRDA:53,1,1,1
BRF:4
BRH:4
end_of_record
TN:
SF:/Users/it190218/CHIP/assignments/contact-list-react-native/src/components/ContactsItem.js
FN:16,(anonymous_0)
FNF:1
FNH:1
FNDA:2,(anonymous_0)
DA:16,3
DA:17,2
DA:43,3
DA:48,3
LF:4
LH:4
BRF:0
BRH:0
end_of_record
TN:
SF:/Users/it190218/CHIP/assignments/contact-list-react-native/src/components/ContactsList.js
FN:10,(anonymous_0)
FN:14,(anonymous_1)
FN:15,(anonymous_2)
FN:20,(anonymous_3)
FN:22,(anonymous_4)
FN:28,(anonymous_5)
FNF:6
FNH:4
FNDA:5,(anonymous_0)
FNDA:0,(anonymous_1)
FNDA:0,(anonymous_2)
FNDA:5,(anonymous_3)
FNDA:11,(anonymous_4)
FNDA:5,(anonymous_5)
DA:10,2
DA:11,5
DA:14,0
DA:15,0
DA:20,2
DA:21,5
DA:22,5
DA:23,11
DA:24,11
DA:28,5
LF:10
LH:8
BRF:0
BRH:0
end_of_record
TN:
SF:/Users/it190218/CHIP/assignments/contact-list-react-native/src/reducers/contact.js
FN:17,(anonymous_0)
FNF:1
FNH:1
FNDA:6,(anonymous_0)
DA:1,2
DA:3,2
DA:18,6
DA:20,2
DA:21,2
DA:23,4
LF:6
LH:6
BRDA:17,0,0,5
BRDA:18,1,0,2
BRDA:18,1,1,4
BRF:3
BRH:3
end_of_record
TN:
SF:/Users/it190218/CHIP/assignments/contact-list-react-native/src/reducers/filter.js
FN:3,(anonymous_0)
FNF:1
FNH:1
FNDA:6,(anonymous_0)
DA:1,2
DA:4,6
DA:6,2
DA:8,4
LF:4
LH:4
BRDA:3,0,0,6
BRDA:4,1,0,2
BRDA:4,1,1,4
BRF:3
BRH:3
end_of_record
TN:
SF:/Users/it190218/CHIP/assignments/contact-list-react-native/src/reducers/index.js
FNF:0
FNH:0
LF:0
LH:0
BRF:0
BRH:0
end_of_record
