TN:
SF:/Users/it190218/CHIP/assignments/contact-list-react-native/setupTests.js
FN:10,(anonymous_0)
FNF:1
FNH:1
FNDA:928,(anonymous_0)
DA:8,8
DA:9,8
DA:10,8
DA:11,928
DA:12,0
DA:16,8
LF:6
LH:5
BRDA:11,0,0,0
BRDA:11,0,1,928
BRF:2
BRH:1
end_of_record
TN:
SF:/Users/it190218/CHIP/assignments/contact-list-react-native/src/components/App.js
FN:26,App
FNF:1
FNH:1
FNDA:2,App
DA:16,1
DA:24,1
DA:27,2
LF:3
LH:3
BRF:0
BRH:0
end_of_record
TN:
SF:/Users/it190218/CHIP/assignments/contact-list-react-native/src/components/Button.js
FN:8,(anonymous_0)
FNF:1
FNH:1
FNDA:5,(anonymous_0)
DA:8,4
DA:9,5
DA:23,4
LF:3
LH:3
BRF:0
BRH:0
end_of_record
TN:
SF:/Users/it190218/CHIP/assignments/contact-list-react-native/src/components/ContactFilter.js
FN:28,(anonymous_0)
FN:37,(anonymous_1)
FN:41,(anonymous_2)
FN:45,(anonymous_3)
FN:67,(anonymous_4)
FN:69,(anonymous_5)
FNF:6
FNH:6
FNDA:6,(anonymous_0)
FNDA:2,(anonymous_1)
FNDA:2,(anonymous_2)
FNDA:10,(anonymous_3)
FNDA:6,(anonymous_4)
FNDA:2,(anonymous_5)
DA:7,2
DA:29,6
DA:30,6
DA:33,6
DA:34,6
DA:38,2
DA:42,2
DA:46,10
DA:67,2
DA:68,6
DA:70,2
LF:11
LH:11
BRF:0
BRH:0
end_of_record
TN:
SF:/Users/it190218/CHIP/assignments/contact-list-react-native/src/components/ContactForm.js
FN:31,(anonymous_0)
FN:42,(anonymous_1)
FN:46,(anonymous_2)
FN:50,(anonymous_3)
FN:59,(anonymous_4)
FN:90,(anonymous_5)
FN:92,(anonymous_6)
FNF:7
FNH:7
FNDA:8,(anonymous_0)
FNDA:1,(anonymous_1)
FNDA:1,(anonymous_2)
FNDA:2,(anonymous_3)
FNDA:13,(anonymous_4)
FNDA:8,(anonymous_5)
FNDA:1,(anonymous_6)
DA:11,2
DA:32,8
DA:33,8
DA:37,8
DA:38,8
DA:39,8
DA:43,1
DA:47,1
DA:51,2
DA:52,2
DA:53,1
DA:55,1
DA:56,1
DA:60,13
DA:90,2
DA:91,8
DA:93,1
LF:17
LH:17
BRDA:52,0,0,1
BRDA:52,0,1,1
BRDA:52,1,0,2
BRDA:52,1,1,1
BRF:4
BRH:4
end_of_record
TN:
SF:/Users/it190218/CHIP/assignments/contact-list-react-native/src/components/ContactsItem.js
FN:16,(anonymous_0)
FNF:1
FNH:1
FNDA:2,(anonymous_0)
DA:16,3
DA:17,2
DA:43,3
DA:48,3
LF:4
LH:4
BRF:0
BRH:0
end_of_record
TN:
SF:/Users/it190218/CHIP/assignments/contact-list-react-native/src/components/ContactsList.js
FN:10,(anonymous_0)
FN:14,(anonymous_1)
FN:15,(anonymous_2)
FN:20,(anonymous_3)
FN:22,(anonymous_4)
FN:28,(anonymous_5)
FNF:6
FNH:4
FNDA:5,(anonymous_0)
FNDA:0,(anonymous_1)
FNDA:0,(anonymous_2)
FNDA:5,(anonymous_3)
FNDA:11,(anonymous_4)
FNDA:5,(anonymous_5)
DA:10,2
DA:11,5
DA:14,0
DA:15,0
DA:20,2
DA:21,5
DA:22,5
DA:23,11
DA:24,11
DA:28,5
LF:10
LH:8
BRF:0
BRH:0
end_of_record
TN:
SF:/Users/it190218/CHIP/assignments/contact-list-react-native/src/redux/contact.js
FN:25,(anonymous_0)
FNF:1
FNH:1
FNDA:2,(anonymous_0)
DA:4,3
DA:8,3
DA:11,3
DA:25,3
DA:26,2
DA:27,2
DA:30,3
DA:34,3
LF:8
LH:8
BRDA:25,0,0,0
BRF:1
BRH:0
end_of_record
TN:
SF:/Users/it190218/CHIP/assignments/contact-list-react-native/src/redux/filter.js
FN:13,(anonymous_0)
FNF:1
FNH:1
FNDA:2,(anonymous_0)
DA:4,3
DA:8,3
DA:11,3
DA:13,3
DA:14,2
DA:17,3
DA:21,3
LF:7
LH:7
BRDA:13,0,0,0
BRF:1
BRH:0
end_of_record
TN:
SF:/Users/it190218/CHIP/assignments/contact-list-react-native/src/redux/index.js
FNF:0
FNH:0
LF:0
LH:0
BRF:0
BRH:0
end_of_record
